<?xml version="1.0" encoding="UTF-8" standalone="no"?>
<!DOCTYPE log SYSTEM "logger.dtd">
<log>
<record>
  <date>2020-05-07T14:25:16</date>
  <millis>1588857916098</millis>
  <sequence>0</sequence>
  <level>START</level>
  <class>com.kms.katalon.core.logging.XmlKeywordLogger</class>
  <method>startSuite</method>
  <thread>1</thread>
  <message>Start Test Suite : Test Suites/CreationSuite</message>
  <nestedLevel>0</nestedLevel>
  <property name="name">CreationSuite</property>
  <property name="description">implement the creation of a new Kanban and the creation of a new task</property>
  <property name="id">Test Suites/CreationSuite</property>
</record>
<record>
  <date>2020-05-07T14:25:16</date>
  <millis>1588857916121</millis>
  <sequence>1</sequence>
  <level>RUN_DATA</level>
  <class>com.kms.katalon.core.logging.XmlKeywordLogger</class>
  <method>logMessage</method>
  <thread>1</thread>
  <message>hostName = root - localhost</message>
  <nestedLevel>0</nestedLevel>
  <property name="hostName">root - localhost</property>
</record>
<record>
  <date>2020-05-07T14:25:16</date>
  <millis>1588857916124</millis>
  <sequence>2</sequence>
  <level>RUN_DATA</level>
  <class>com.kms.katalon.core.logging.XmlKeywordLogger</class>
  <method>logMessage</method>
  <thread>1</thread>
  <message>os = Linux 64bit</message>
  <nestedLevel>0</nestedLevel>
  <property name="os">Linux 64bit</property>
</record>
<record>
  <date>2020-05-07T14:25:16</date>
  <millis>1588857916125</millis>
  <sequence>3</sequence>
  <level>RUN_DATA</level>
  <class>com.kms.katalon.core.logging.XmlKeywordLogger</class>
  <method>logMessage</method>
  <thread>1</thread>
  <message>hostAddress = 127.0.0.1</message>
  <nestedLevel>0</nestedLevel>
  <property name="hostAddress">127.0.0.1</property>
</record>
<record>
  <date>2020-05-07T14:25:16</date>
  <millis>1588857916126</millis>
  <sequence>4</sequence>
  <level>RUN_DATA</level>
  <class>com.kms.katalon.core.logging.XmlKeywordLogger</class>
  <method>logMessage</method>
  <thread>1</thread>
  <message>katalonVersion = 7.4.0.1</message>
  <nestedLevel>0</nestedLevel>
  <property name="katalonVersion">7.4.0.1</property>
</record>
<record>
  <date>2020-05-07T14:25:16</date>
  <millis>1588857916352</millis>
  <sequence>5</sequence>
  <level>START</level>
  <class>com.kms.katalon.core.logging.XmlKeywordLogger</class>
  <method>startTest</method>
  <thread>1</thread>
  <message>Start Test Case : Test Cases/KanbanApis/ListOfAllKanban</message>
  <nestedLevel>1</nestedLevel>
  <property name="name">Test Cases/KanbanApis/ListOfAllKanban</property>
  <property name="description">List all Kanban in the DB</property>
  <property name="id">Test Cases/KanbanApis/ListOfAllKanban</property>
  <property name="source">\\root\\Katalon Studio\\Prototype_KanbanApis\\Test Cases\\KanbanApis\\ListOfAllKanban.tc</property>
  <property name="tag"></property>
  <property name="isOptional">false</property>
</record>
<record>
  <date>2020-05-07T14:25:16</date>
  <millis>1588857916718</millis>
  <sequence>7</sequence>
  <level>START</level>
  <class>com.kms.katalon.core.logging.XmlKeywordLogger</class>
  <method>startKeyword</method>
  <thread>1</thread>
  <message>Start action : sendRequest(findTestObject(\&amp;quot;getAllKanbansUsingGET\&amp;quot;))</message>
  <nestedLevel>1</nestedLevel>
  <property name="startLine">18</property>
  <property name="stepIndex">1</property>
</record>
<record>
  <date>2020-05-07T14:25:17</date>
  <millis>1588857917531</millis>
  <sequence>13</sequence>
  <level>FAILED</level>
  <class>com.kms.katalon.core.logging.XmlKeywordLogger</class>
  <method>logMessage</method>
  <thread>1</thread>
  <message>Unable to send request (Root cause: org.apache.http.conn.HttpHostConnectException: Connect to localhost:8080 [localhost/127.0.0.1, localhost/0:0:0:0:0:0:0:1] failed: Connexion refus\u00E9e (Connection refused)\n\tat org.apache.http.impl.conn.DefaultHttpClientConnectionOperator.connect(DefaultHttpClientConnectionOperator.java:151)\n\tat org.apache.http.impl.conn.PoolingHttpClientConnectionManager.connect(PoolingHttpClientConnectionManager.java:353)\n\tat org.apache.http.impl.execchain.MainClientExec.establishRoute(MainClientExec.java:380)\n\tat org.apache.http.impl.execchain.MainClientExec.execute(MainClientExec.java:236)\n\tat org.apache.http.impl.execchain.ProtocolExec.execute(ProtocolExec.java:184)\n\tat org.apache.http.impl.execchain.RetryExec.execute(RetryExec.java:88)\n\tat org.apache.http.impl.client.InternalHttpClient.doExecute(InternalHttpClient.java:184)\n\tat org.apache.http.impl.client.CloseableHttpClient.execute(CloseableHttpClient.java:82)\n\tat com.kms.katalon.core.webservice.common.RestfulClient.response(RestfulClient.java:207)\n\tat com.kms.katalon.core.webservice.common.RestfulClient.sendRequest(RestfulClient.java:140)\n\tat com.kms.katalon.core.webservice.common.RestfulClient.send(RestfulClient.java:75)\n\tat com.kms.katalon.core.webservice.keyword.builtin.SendRequestKeyword$_sendRequest_closure1.doCall(SendRequestKeyword.groovy:42)\n\tat com.kms.katalon.core.webservice.keyword.builtin.SendRequestKeyword$_sendRequest_closure1.call(SendRequestKeyword.groovy)\n\tat com.kms.katalon.core.keyword.internal.KeywordMain.runKeyword(KeywordMain.groovy:68)\n\tat com.kms.katalon.core.webservice.keyword.builtin.SendRequestKeyword.sendRequest(SendRequestKeyword.groovy:38)\n\tat com.kms.katalon.core.webservice.keyword.builtin.SendRequestKeyword.execute(SendRequestKeyword.groovy:33)\n\tat com.kms.katalon.core.keyword.internal.KeywordExecutor.executeKeywordForPlatform(KeywordExecutor.groovy:72)\n\tat com.kms.katalon.core.webservice.keyword.WSBuiltInKeywords.sendRequest(WSBuiltInKeywords.groovy:40)\n\tat com.kms.katalon.core.webservice.keyword.WSBuiltInKeywords$sendRequest.call(Unknown Source)\n\tat ListOfAllKanban.run(ListOfAllKanban:18)\n\tat com.kms.katalon.core.main.ScriptEngine.run(ScriptEngine.java:194)\n\tat com.kms.katalon.core.main.ScriptEngine.runScriptAsRawText(ScriptEngine.java:119)\n\tat com.kms.katalon.core.main.TestCaseExecutor.runScript(TestCaseExecutor.java:337)\n\tat com.kms.katalon.core.main.TestCaseExecutor.doExecute(TestCaseExecutor.java:328)\n\tat com.kms.katalon.core.main.TestCaseExecutor.processExecutionPhase(TestCaseExecutor.java:307)\n\tat com.kms.katalon.core.main.TestCaseExecutor.accessMainPhase(TestCaseExecutor.java:299)\n\tat com.kms.katalon.core.main.TestCaseExecutor.execute(TestCaseExecutor.java:233)\n\tat com.kms.katalon.core.main.TestSuiteExecutor.accessTestCaseMainPhase(TestSuiteExecutor.java:169)\n\tat com.kms.katalon.core.main.TestSuiteExecutor.accessTestSuiteMainPhase(TestSuiteExecutor.java:142)\n\tat com.kms.katalon.core.main.TestSuiteExecutor.execute(TestSuiteExecutor.java:91)\n\tat com.kms.katalon.core.main.TestCaseMain.startTestSuite(TestCaseMain.java:157)\n\tat com.kms.katalon.core.main.TestCaseMain$startTestSuite$0.call(Unknown Source)\n\tat TempTestSuite1588857912722.run(TempTestSuite1588857912722.groovy:37)\nCaused by: java.net.ConnectException: Connexion refus\u00E9e (Connection refused)\n\tat org.apache.http.conn.socket.PlainConnectionSocketFactory.connectSocket(PlainConnectionSocketFactory.java:74)\n\tat org.apache.http.impl.conn.DefaultHttpClientConnectionOperator.connect(DefaultHttpClientConnectionOperator.java:134)\n\tat org.apache.http.impl.conn.PoolingHttpClientConnectionManager.connect(PoolingHttpClientConnectionManager.java:353)\n\tat org.apache.http.impl.execchain.MainClientExec.establishRoute(MainClientExec.java:380)\n\tat org.apache.http.impl.execchain.MainClientExec.execute(MainClientExec.java:236)\n\tat org.apache.http.impl.execchain.ProtocolExec.execute(ProtocolExec.java:184)\n\tat org.apache.http.impl.execchain.RetryExec.execute(RetryExec.java:88)\n\tat org.apache.http.impl.client.InternalHttpClient.doExecute(InternalHttpClient.java:184)\n\tat org.apache.http.impl.client.CloseableHttpClient.execute(CloseableHttpClient.java:82)\n\tat com.kms.katalon.core.webservice.common.RestfulClient.response(RestfulClient.java:207)\n\tat com.kms.katalon.core.webservice.common.RestfulClient.sendRequest(RestfulClient.java:140)\n\tat com.kms.katalon.core.webservice.common.RestfulClient.send(RestfulClient.java:75)\n\tat com.kms.katalon.core.webservice.keyword.builtin.SendRequestKeyword$_sendRequest_closure1.doCall(SendRequestKeyword.groovy:42)\n\tat com.kms.katalon.core.webservice.keyword.builtin.SendRequestKeyword$_sendRequest_closure1.call(SendRequestKeyword.groovy)\n\tat com.kms.katalon.core.keyword.internal.KeywordMain.runKeyword(KeywordMain.groovy:68)\n\tat com.kms.katalon.core.webservice.keyword.builtin.SendRequestKeyword.sendRequest(SendRequestKeyword.groovy:38)\n\tat com.kms.katalon.core.webservice.keyword.builtin.SendRequestKeyword.execute(SendRequestKeyword.groovy:33)\n\tat com.kms.katalon.core.keyword.internal.KeywordExecutor.executeKeywordForPlatform(KeywordExecutor.groovy:72)\n\tat com.kms.katalon.core.webservice.keyword.WSBuiltInKeywords.sendRequest(WSBuiltInKeywords.groovy:40)\n\tat com.kms.katalon.core.webservice.keyword.WSBuiltInKeywords$sendRequest.call(Unknown Source)\n\tat Script1588765931875.run(Script1588765931875.groovy:18)\n\t... 13 more\n)</message>
  <nestedLevel>1</nestedLevel>
  <property name="failed.exception.class">java.net.ConnectException</property>
  <property name="failed.exception.stacktrace">java.net.ConnectException: Connexion refus\u00E9e (Connection refused)\n\tat org.apache.http.conn.socket.PlainConnectionSocketFactory.connectSocket(PlainConnectionSocketFactory.java:74)\n\tat org.apache.http.impl.conn.DefaultHttpClientConnectionOperator.connect(DefaultHttpClientConnectionOperator.java:134)\n\tat org.apache.http.impl.conn.PoolingHttpClientConnectionManager.connect(PoolingHttpClientConnectionManager.java:353)\n\tat org.apache.http.impl.execchain.MainClientExec.establishRoute(MainClientExec.java:380)\n\tat org.apache.http.impl.execchain.MainClientExec.execute(MainClientExec.java:236)\n\tat org.apache.http.impl.execchain.ProtocolExec.execute(ProtocolExec.java:184)\n\tat org.apache.http.impl.execchain.RetryExec.execute(RetryExec.java:88)\n\tat org.apache.http.impl.client.InternalHttpClient.doExecute(InternalHttpClient.java:184)\n\tat org.apache.http.impl.client.CloseableHttpClient.execute(CloseableHttpClient.java:82)\n\tat com.kms.katalon.core.webservice.common.RestfulClient.response(RestfulClient.java:207)\n\tat com.kms.katalon.core.webservice.common.RestfulClient.sendRequest(RestfulClient.java:140)\n\tat com.kms.katalon.core.webservice.common.RestfulClient.send(RestfulClient.java:75)\n\tat com.kms.katalon.core.webservice.keyword.builtin.SendRequestKeyword$_sendRequest_closure1.doCall(SendRequestKeyword.groovy:42)\n\tat com.kms.katalon.core.webservice.keyword.builtin.SendRequestKeyword$_sendRequest_closure1.call(SendRequestKeyword.groovy)\n\tat com.kms.katalon.core.keyword.internal.KeywordMain.runKeyword(KeywordMain.groovy:68)\n\tat com.kms.katalon.core.webservice.keyword.builtin.SendRequestKeyword.sendRequest(SendRequestKeyword.groovy:38)\n\tat com.kms.katalon.core.webservice.keyword.builtin.SendRequestKeyword.execute(SendRequestKeyword.groovy:33)\n\tat com.kms.katalon.core.keyword.internal.KeywordExecutor.executeKeywordForPlatform(KeywordExecutor.groovy:72)\n\tat com.kms.katalon.core.webservice.keyword.WSBuiltInKeywords.sendRequest(WSBuiltInKeywords.groovy:40)\n\tat com.kms.katalon.core.webservice.keyword.WSBuiltInKeywords$sendRequest.call(Unknown Source)\n\tat ListOfAllKanban.run(ListOfAllKanban:18)\n\tat com.kms.katalon.core.main.ScriptEngine.run(ScriptEngine.java:194)\n\tat com.kms.katalon.core.main.ScriptEngine.runScriptAsRawText(ScriptEngine.java:119)\n\tat com.kms.katalon.core.main.TestCaseExecutor.runScript(TestCaseExecutor.java:337)\n\tat com.kms.katalon.core.main.TestCaseExecutor.doExecute(TestCaseExecutor.java:328)\n\tat com.kms.katalon.core.main.TestCaseExecutor.processExecutionPhase(TestCaseExecutor.java:307)\n\tat com.kms.katalon.core.main.TestCaseExecutor.accessMainPhase(TestCaseExecutor.java:299)\n\tat com.kms.katalon.core.main.TestCaseExecutor.execute(TestCaseExecutor.java:233)\n\tat com.kms.katalon.core.main.TestSuiteExecutor.accessTestCaseMainPhase(TestSuiteExecutor.java:169)\n\tat com.kms.katalon.core.main.TestSuiteExecutor.accessTestSuiteMainPhase(TestSuiteExecutor.java:142)\n\tat com.kms.katalon.core.main.TestSuiteExecutor.execute(TestSuiteExecutor.java:91)\n\tat com.kms.katalon.core.main.TestCaseMain.startTestSuite(TestCaseMain.java:157)\n\tat com.kms.katalon.core.main.TestCaseMain$startTestSuite$0.call(Unknown Source)\n\tat TempTestSuite1588857912722.run(TempTestSuite1588857912722.groovy:37)\n</property>
  <property name="failed.exception.message">Connexion refus\u00E9e (Connection refused)</property>
</record>
<record>
  <date>2020-05-07T14:25:17</date>
  <millis>1588857917537</millis>
  <sequence>14</sequence>
  <level>END</level>
  <class>com.kms.katalon.core.logging.XmlKeywordLogger</class>
  <method>endKeyword</method>
  <thread>1</thread>
  <message>End action : sendRequest(findTestObject(\&amp;quot;getAllKanbansUsingGET\&amp;quot;))</message>
  <nestedLevel>1</nestedLevel>
</record>
<record>
  <date>2020-05-07T14:25:17</date>
  <millis>1588857917538</millis>
  <sequence>18</sequence>
  <level>FAILED</level>
  <class>com.kms.katalon.core.logging.XmlKeywordLogger</class>
  <method>logMessage</method>
  <thread>1</thread>
  <message>Test Cases/KanbanApis/ListOfAllKanban FAILED.\nReason:\ncom.kms.katalon.core.exception.StepFailedException: Unable to send request (Root cause: org.apache.http.conn.HttpHostConnectException: Connect to localhost:8080 [localhost/127.0.0.1, localhost/0:0:0:0:0:0:0:1] failed: Connexion refus\u00E9e (Connection refused)\n\tat org.apache.http.impl.conn.DefaultHttpClientConnectionOperator.connect(DefaultHttpClientConnectionOperator.java:151)\n\tat org.apache.http.impl.conn.PoolingHttpClientConnectionManager.connect(PoolingHttpClientConnectionManager.java:353)\n\tat org.apache.http.impl.execchain.MainClientExec.establishRoute(MainClientExec.java:380)\n\tat org.apache.http.impl.execchain.MainClientExec.execute(MainClientExec.java:236)\n\tat org.apache.http.impl.execchain.ProtocolExec.execute(ProtocolExec.java:184)\n\tat org.apache.http.impl.execchain.RetryExec.execute(RetryExec.java:88)\n\tat org.apache.http.impl.client.InternalHttpClient.doExecute(InternalHttpClient.java:184)\n\tat org.apache.http.impl.client.CloseableHttpClient.execute(CloseableHttpClient.java:82)\n\tat com.kms.katalon.core.webservice.common.RestfulClient.response(RestfulClient.java:207)\n\tat com.kms.katalon.core.webservice.common.RestfulClient.sendRequest(RestfulClient.java:140)\n\tat com.kms.katalon.core.webservice.common.RestfulClient.send(RestfulClient.java:75)\n\tat com.kms.katalon.core.webservice.keyword.builtin.SendRequestKeyword$_sendRequest_closure1.doCall(SendRequestKeyword.groovy:42)\n\tat com.kms.katalon.core.webservice.keyword.builtin.SendRequestKeyword$_sendRequest_closure1.call(SendRequestKeyword.groovy)\n\tat com.kms.katalon.core.keyword.internal.KeywordMain.runKeyword(KeywordMain.groovy:68)\n\tat com.kms.katalon.core.webservice.keyword.builtin.SendRequestKeyword.sendRequest(SendRequestKeyword.groovy:38)\n\tat com.kms.katalon.core.webservice.keyword.builtin.SendRequestKeyword.execute(SendRequestKeyword.groovy:33)\n\tat com.kms.katalon.core.keyword.internal.KeywordExecutor.executeKeywordForPlatform(KeywordExecutor.groovy:72)\n\tat com.kms.katalon.core.webservice.keyword.WSBuiltInKeywords.sendRequest(WSBuiltInKeywords.groovy:40)\n\tat com.kms.katalon.core.webservice.keyword.WSBuiltInKeywords$sendRequest.call(Unknown Source)\n\tat ListOfAllKanban.run(ListOfAllKanban:18)\n\tat com.kms.katalon.core.main.ScriptEngine.run(ScriptEngine.java:194)\n\tat com.kms.katalon.core.main.ScriptEngine.runScriptAsRawText(ScriptEngine.java:119)\n\tat com.kms.katalon.core.main.TestCaseExecutor.runScript(TestCaseExecutor.java:337)\n\tat com.kms.katalon.core.main.TestCaseExecutor.doExecute(TestCaseExecutor.java:328)\n\tat com.kms.katalon.core.main.TestCaseExecutor.processExecutionPhase(TestCaseExecutor.java:307)\n\tat com.kms.katalon.core.main.TestCaseExecutor.accessMainPhase(TestCaseExecutor.java:299)\n\tat com.kms.katalon.core.main.TestCaseExecutor.execute(TestCaseExecutor.java:233)\n\tat com.kms.katalon.core.main.TestSuiteExecutor.accessTestCaseMainPhase(TestSuiteExecutor.java:169)\n\tat com.kms.katalon.core.main.TestSuiteExecutor.accessTestSuiteMainPhase(TestSuiteExecutor.java:142)\n\tat com.kms.katalon.core.main.TestSuiteExecutor.execute(TestSuiteExecutor.java:91)\n\tat com.kms.katalon.core.main.TestCaseMain.startTestSuite(TestCaseMain.java:157)\n\tat com.kms.katalon.core.main.TestCaseMain$startTestSuite$0.call(Unknown Source)\n\tat TempTestSuite1588857912722.run(TempTestSuite1588857912722.groovy:37)\nCaused by: java.net.ConnectException: Connexion refus\u00E9e (Connection refused)\n\tat org.apache.http.conn.socket.PlainConnectionSocketFactory.connectSocket(PlainConnectionSocketFactory.java:74)\n\tat org.apache.http.impl.conn.DefaultHttpClientConnectionOperator.connect(DefaultHttpClientConnectionOperator.java:134)\n\tat org.apache.http.impl.conn.PoolingHttpClientConnectionManager.connect(PoolingHttpClientConnectionManager.java:353)\n\tat org.apache.http.impl.execchain.MainClientExec.establishRoute(MainClientExec.java:380)\n\tat org.apache.http.impl.execchain.MainClientExec.execute(MainClientExec.java:236)\n\tat org.apache.http.impl.execchain.ProtocolExec.execute(ProtocolExec.java:184)\n\tat org.apache.http.impl.execchain.RetryExec.execute(RetryExec.java:88)\n\tat org.apache.http.impl.client.InternalHttpClient.doExecute(InternalHttpClient.java:184)\n\tat org.apache.http.impl.client.CloseableHttpClient.execute(CloseableHttpClient.java:82)\n\tat com.kms.katalon.core.webservice.common.RestfulClient.response(RestfulClient.java:207)\n\tat com.kms.katalon.core.webservice.common.RestfulClient.sendRequest(RestfulClient.java:140)\n\tat com.kms.katalon.core.webservice.common.RestfulClient.send(RestfulClient.java:75)\n\tat com.kms.katalon.core.webservice.keyword.builtin.SendRequestKeyword$_sendRequest_closure1.doCall(SendRequestKeyword.groovy:42)\n\tat com.kms.katalon.core.webservice.keyword.builtin.SendRequestKeyword$_sendRequest_closure1.call(SendRequestKeyword.groovy)\n\tat com.kms.katalon.core.keyword.internal.KeywordMain.runKeyword(KeywordMain.groovy:68)\n\tat com.kms.katalon.core.webservice.keyword.builtin.SendRequestKeyword.sendRequest(SendRequestKeyword.groovy:38)\n\tat com.kms.katalon.core.webservice.keyword.builtin.SendRequestKeyword.execute(SendRequestKeyword.groovy:33)\n\tat com.kms.katalon.core.keyword.internal.KeywordExecutor.executeKeywordForPlatform(KeywordExecutor.groovy:72)\n\tat com.kms.katalon.core.webservice.keyword.WSBuiltInKeywords.sendRequest(WSBuiltInKeywords.groovy:40)\n\tat com.kms.katalon.core.webservice.keyword.WSBuiltInKeywords$sendRequest.call(Unknown Source)\n\tat Script1588765931875.run(Script1588765931875.groovy:18)\n\t... 13 more\n)\n\tat com.kms.katalon.core.keyword.internal.KeywordMain.stepFailed(KeywordMain.groovy:50)\n\tat com.kms.katalon.core.keyword.internal.KeywordMain.stepFailed(KeywordMain.groovy)\n\tat com.kms.katalon.core.keyword.internal.KeywordMain.runKeyword(KeywordMain.groovy:70)\n\tat com.kms.katalon.core.webservice.keyword.builtin.SendRequestKeyword.sendRequest(SendRequestKeyword.groovy:38)\n\tat com.kms.katalon.core.webservice.keyword.builtin.SendRequestKeyword.execute(SendRequestKeyword.groovy:33)\n\tat com.kms.katalon.core.keyword.internal.KeywordExecutor.executeKeywordForPlatform(KeywordExecutor.groovy:72)\n\tat com.kms.katalon.core.webservice.keyword.WSBuiltInKeywords.sendRequest(WSBuiltInKeywords.groovy:40)\n\tat com.kms.katalon.core.webservice.keyword.WSBuiltInKeywords$sendRequest.call(Unknown Source)\n\tat ListOfAllKanban.run(ListOfAllKanban:18)\n\tat com.kms.katalon.core.main.ScriptEngine.run(ScriptEngine.java:194)\n\tat com.kms.katalon.core.main.ScriptEngine.runScriptAsRawText(ScriptEngine.java:119)\n\tat com.kms.katalon.core.main.TestCaseExecutor.runScript(TestCaseExecutor.java:337)\n\tat com.kms.katalon.core.main.TestCaseExecutor.doExecute(TestCaseExecutor.java:328)\n\tat com.kms.katalon.core.main.TestCaseExecutor.processExecutionPhase(TestCaseExecutor.java:307)\n\tat com.kms.katalon.core.main.TestCaseExecutor.accessMainPhase(TestCaseExecutor.java:299)\n\tat com.kms.katalon.core.main.TestCaseExecutor.execute(TestCaseExecutor.java:233)\n\tat com.kms.katalon.core.main.TestSuiteExecutor.accessTestCaseMainPhase(TestSuiteExecutor.java:169)\n\tat com.kms.katalon.core.main.TestSuiteExecutor.accessTestSuiteMainPhase(TestSuiteExecutor.java:142)\n\tat com.kms.katalon.core.main.TestSuiteExecutor.execute(TestSuiteExecutor.java:91)\n\tat com.kms.katalon.core.main.TestCaseMain.startTestSuite(TestCaseMain.java:157)\n\tat com.kms.katalon.core.main.TestCaseMain$startTestSuite$0.call(Unknown Source)\n\tat TempTestSuite1588857912722.run(TempTestSuite1588857912722.groovy:37)\nCaused by: org.apache.http.conn.HttpHostConnectException: Connect to localhost:8080 [localhost/127.0.0.1, localhost/0:0:0:0:0:0:0:1] failed: Connexion refus\u00E9e (Connection refused)\n\tat org.apache.http.impl.conn.DefaultHttpClientConnectionOperator.connect(DefaultHttpClientConnectionOperator.java:151)\n\tat org.apache.http.impl.conn.PoolingHttpClientConnectionManager.connect(PoolingHttpClientConnectionManager.java:353)\n\tat org.apache.http.impl.execchain.MainClientExec.establishRoute(MainClientExec.java:380)\n\tat org.apache.http.impl.execchain.MainClientExec.execute(MainClientExec.java:236)\n\tat org.apache.http.impl.execchain.ProtocolExec.execute(ProtocolExec.java:184)\n\tat org.apache.http.impl.execchain.RetryExec.execute(RetryExec.java:88)\n\tat org.apache.http.impl.client.InternalHttpClient.doExecute(InternalHttpClient.java:184)\n\tat org.apache.http.impl.client.CloseableHttpClient.execute(CloseableHttpClient.java:82)\n\tat com.kms.katalon.core.webservice.common.RestfulClient.response(RestfulClient.java:207)\n\tat com.kms.katalon.core.webservice.common.RestfulClient.sendRequest(RestfulClient.java:140)\n\tat com.kms.katalon.core.webservice.common.RestfulClient.send(RestfulClient.java:75)\n\tat com.kms.katalon.core.webservice.keyword.builtin.SendRequestKeyword$_sendRequest_closure1.doCall(SendRequestKeyword.groovy:42)\n\tat com.kms.katalon.core.webservice.keyword.builtin.SendRequestKeyword$_sendRequest_closure1.call(SendRequestKeyword.groovy)\n\tat com.kms.katalon.core.keyword.internal.KeywordMain.runKeyword(KeywordMain.groovy:68)\n\t... 19 more\nCaused by: java.net.ConnectException: Connexion refus\u00E9e (Connection refused)\n\tat org.apache.http.conn.socket.PlainConnectionSocketFactory.connectSocket(PlainConnectionSocketFactory.java:74)\n\tat org.apache.http.impl.conn.DefaultHttpClientConnectionOperator.connect(DefaultHttpClientConnectionOperator.java:134)\n\t... 32 more\n</message>
  <exception>
    <message>com.kms.katalon.core.exception.StepFailedException: Unable to send request (Root cause: org.apache.http.conn.HttpHostConnectException: Connect to localhost:8080 [localhost/127.0.0.1, localhost/0:0:0:0:0:0:0:1] failed: Connexion refusée (Connection refused)
	at org.apache.http.impl.conn.DefaultHttpClientConnectionOperator.connect(DefaultHttpClientConnectionOperator.java:151)
	at org.apache.http.impl.conn.PoolingHttpClientConnectionManager.connect(PoolingHttpClientConnectionManager.java:353)
	at org.apache.http.impl.execchain.MainClientExec.establishRoute(MainClientExec.java:380)
	at org.apache.http.impl.execchain.MainClientExec.execute(MainClientExec.java:236)
	at org.apache.http.impl.execchain.ProtocolExec.execute(ProtocolExec.java:184)
	at org.apache.http.impl.execchain.RetryExec.execute(RetryExec.java:88)
	at org.apache.http.impl.client.InternalHttpClient.doExecute(InternalHttpClient.java:184)
	at org.apache.http.impl.client.CloseableHttpClient.execute(CloseableHttpClient.java:82)
	at com.kms.katalon.core.webservice.common.RestfulClient.response(RestfulClient.java:207)
	at com.kms.katalon.core.webservice.common.RestfulClient.sendRequest(RestfulClient.java:140)
	at com.kms.katalon.core.webservice.common.RestfulClient.send(RestfulClient.java:75)
	at com.kms.katalon.core.webservice.keyword.builtin.SendRequestKeyword$_sendRequest_closure1.doCall(SendRequestKeyword.groovy:42)
	at com.kms.katalon.core.webservice.keyword.builtin.SendRequestKeyword$_sendRequest_closure1.call(SendRequestKeyword.groovy)
	at com.kms.katalon.core.keyword.internal.KeywordMain.runKeyword(KeywordMain.groovy:68)
	at com.kms.katalon.core.webservice.keyword.builtin.SendRequestKeyword.sendRequest(SendRequestKeyword.groovy:38)
	at com.kms.katalon.core.webservice.keyword.builtin.SendRequestKeyword.execute(SendRequestKeyword.groovy:33)
	at com.kms.katalon.core.keyword.internal.KeywordExecutor.executeKeywordForPlatform(KeywordExecutor.groovy:72)
	at com.kms.katalon.core.webservice.keyword.WSBuiltInKeywords.sendRequest(WSBuiltInKeywords.groovy:40)
	at com.kms.katalon.core.webservice.keyword.WSBuiltInKeywords$sendRequest.call(Unknown Source)
	at ListOfAllKanban.run(ListOfAllKanban:18)
	at com.kms.katalon.core.main.ScriptEngine.run(ScriptEngine.java:194)
	at com.kms.katalon.core.main.ScriptEngine.runScriptAsRawText(ScriptEngine.java:119)
	at com.kms.katalon.core.main.TestCaseExecutor.runScript(TestCaseExecutor.java:337)
	at com.kms.katalon.core.main.TestCaseExecutor.doExecute(TestCaseExecutor.java:328)
	at com.kms.katalon.core.main.TestCaseExecutor.processExecutionPhase(TestCaseExecutor.java:307)
	at com.kms.katalon.core.main.TestCaseExecutor.accessMainPhase(TestCaseExecutor.java:299)
	at com.kms.katalon.core.main.TestCaseExecutor.execute(TestCaseExecutor.java:233)
	at com.kms.katalon.core.main.TestSuiteExecutor.accessTestCaseMainPhase(TestSuiteExecutor.java:169)
	at com.kms.katalon.core.main.TestSuiteExecutor.accessTestSuiteMainPhase(TestSuiteExecutor.java:142)
	at com.kms.katalon.core.main.TestSuiteExecutor.execute(TestSuiteExecutor.java:91)
	at com.kms.katalon.core.main.TestCaseMain.startTestSuite(TestCaseMain.java:157)
	at com.kms.katalon.core.main.TestCaseMain$startTestSuite$0.call(Unknown Source)
	at TempTestSuite1588857912722.run(TempTestSuite1588857912722.groovy:37)
Caused by: java.net.ConnectException: Connexion refusée (Connection refused)
	at org.apache.http.conn.socket.PlainConnectionSocketFactory.connectSocket(PlainConnectionSocketFactory.java:74)
	at org.apache.http.impl.conn.DefaultHttpClientConnectionOperator.connect(DefaultHttpClientConnectionOperator.java:134)
	at org.apache.http.impl.conn.PoolingHttpClientConnectionManager.connect(PoolingHttpClientConnectionManager.java:353)
	at org.apache.http.impl.execchain.MainClientExec.establishRoute(MainClientExec.java:380)
	at org.apache.http.impl.execchain.MainClientExec.execute(MainClientExec.java:236)
	at org.apache.http.impl.execchain.ProtocolExec.execute(ProtocolExec.java:184)
	at org.apache.http.impl.execchain.RetryExec.execute(RetryExec.java:88)
	at org.apache.http.impl.client.InternalHttpClient.doExecute(InternalHttpClient.java:184)
	at org.apache.http.impl.client.CloseableHttpClient.execute(CloseableHttpClient.java:82)
	at com.kms.katalon.core.webservice.common.RestfulClient.response(RestfulClient.java:207)
	at com.kms.katalon.core.webservice.common.RestfulClient.sendRequest(RestfulClient.java:140)
	at com.kms.katalon.core.webservice.common.RestfulClient.send(RestfulClient.java:75)
	at com.kms.katalon.core.webservice.keyword.builtin.SendRequestKeyword$_sendRequest_closure1.doCall(SendRequestKeyword.groovy:42)
	at com.kms.katalon.core.webservice.keyword.builtin.SendRequestKeyword$_sendRequest_closure1.call(SendRequestKeyword.groovy)
	at com.kms.katalon.core.keyword.internal.KeywordMain.runKeyword(KeywordMain.groovy:68)
	at com.kms.katalon.core.webservice.keyword.builtin.SendRequestKeyword.sendRequest(SendRequestKeyword.groovy:38)
	at com.kms.katalon.core.webservice.keyword.builtin.SendRequestKeyword.execute(SendRequestKeyword.groovy:33)
	at com.kms.katalon.core.keyword.internal.KeywordExecutor.executeKeywordForPlatform(KeywordExecutor.groovy:72)
	at com.kms.katalon.core.webservice.keyword.WSBuiltInKeywords.sendRequest(WSBuiltInKeywords.groovy:40)
	at com.kms.katalon.core.webservice.keyword.WSBuiltInKeywords$sendRequest.call(Unknown Source)
	at Script1588765931875.run(Script1588765931875.groovy:18)
	... 13 more
)</message>
    <frame>
      <class>com.kms.katalon.core.keyword.internal.KeywordMain</class>
      <method>stepFailed</method>
      <line>50</line>
    </frame>
    <frame>
      <class>com.kms.katalon.core.keyword.internal.KeywordMain</class>
      <method>stepFailed</method>
    </frame>
    <frame>
      <class>com.kms.katalon.core.keyword.internal.KeywordMain</class>
      <method>runKeyword</method>
      <line>70</line>
    </frame>
    <frame>
      <class>com.kms.katalon.core.webservice.keyword.builtin.SendRequestKeyword</class>
      <method>sendRequest</method>
      <line>38</line>
    </frame>
    <frame>
      <class>com.kms.katalon.core.webservice.keyword.builtin.SendRequestKeyword</class>
      <method>execute</method>
      <line>33</line>
    </frame>
    <frame>
      <class>com.kms.katalon.core.keyword.internal.KeywordExecutor</class>
      <method>executeKeywordForPlatform</method>
      <line>72</line>
    </frame>
    <frame>
      <class>com.kms.katalon.core.webservice.keyword.WSBuiltInKeywords</class>
      <method>sendRequest</method>
      <line>40</line>
    </frame>
    <frame>
      <class>com.kms.katalon.core.webservice.keyword.WSBuiltInKeywords$sendRequest</class>
      <method>call</method>
    </frame>
    <frame>
      <class>ListOfAllKanban</class>
      <method>run</method>
      <line>18</line>
    </frame>
    <frame>
      <class>com.kms.katalon.core.main.ScriptEngine</class>
      <method>run</method>
      <line>194</line>
    </frame>
    <frame>
      <class>com.kms.katalon.core.main.ScriptEngine</class>
      <method>runScriptAsRawText</method>
      <line>119</line>
    </frame>
    <frame>
      <class>com.kms.katalon.core.main.TestCaseExecutor</class>
      <method>runScript</method>
      <line>337</line>
    </frame>
    <frame>
      <class>com.kms.katalon.core.main.TestCaseExecutor</class>
      <method>doExecute</method>
      <line>328</line>
    </frame>
    <frame>
      <class>com.kms.katalon.core.main.TestCaseExecutor</class>
      <method>processExecutionPhase</method>
      <line>307</line>
    </frame>
    <frame>
      <class>com.kms.katalon.core.main.TestCaseExecutor</class>
      <method>accessMainPhase</method>
      <line>299</line>
    </frame>
    <frame>
      <class>com.kms.katalon.core.main.TestCaseExecutor</class>
      <method>execute</method>
      <line>233</line>
    </frame>
    <frame>
      <class>com.kms.katalon.core.main.TestSuiteExecutor</class>
      <method>accessTestCaseMainPhase</method>
      <line>169</line>
    </frame>
    <frame>
      <class>com.kms.katalon.core.main.TestSuiteExecutor</class>
      <method>accessTestSuiteMainPhase</method>
      <line>142</line>
    </frame>
    <frame>
      <class>com.kms.katalon.core.main.TestSuiteExecutor</class>
      <method>execute</method>
      <line>91</line>
    </frame>
    <frame>
      <class>com.kms.katalon.core.main.TestCaseMain</class>
      <method>startTestSuite</method>
      <line>157</line>
    </frame>
    <frame>
      <class>com.kms.katalon.core.main.TestCaseMain$startTestSuite$0</class>
      <method>call</method>
    </frame>
    <frame>
      <class>TempTestSuite1588857912722</class>
      <method>run</method>
      <line>37</line>
    </frame>
  </exception>
  <nestedLevel>0</nestedLevel>
  <property name="failed.exception.stacktrace">java.net.ConnectException: Connexion refus\u00E9e (Connection refused)\n\tat org.apache.http.conn.socket.PlainConnectionSocketFactory.connectSocket(PlainConnectionSocketFactory.java:74)\n\tat org.apache.http.impl.conn.DefaultHttpClientConnectionOperator.connect(DefaultHttpClientConnectionOperator.java:134)\n\tat org.apache.http.impl.conn.PoolingHttpClientConnectionManager.connect(PoolingHttpClientConnectionManager.java:353)\n\tat org.apache.http.impl.execchain.MainClientExec.establishRoute(MainClientExec.java:380)\n\tat org.apache.http.impl.execchain.MainClientExec.execute(MainClientExec.java:236)\n\tat org.apache.http.impl.execchain.ProtocolExec.execute(ProtocolExec.java:184)\n\tat org.apache.http.impl.execchain.RetryExec.execute(RetryExec.java:88)\n\tat org.apache.http.impl.client.InternalHttpClient.doExecute(InternalHttpClient.java:184)\n\tat org.apache.http.impl.client.CloseableHttpClient.execute(CloseableHttpClient.java:82)\n\tat com.kms.katalon.core.webservice.common.RestfulClient.response(RestfulClient.java:207)\n\tat com.kms.katalon.core.webservice.common.RestfulClient.sendRequest(RestfulClient.java:140)\n\tat com.kms.katalon.core.webservice.common.RestfulClient.send(RestfulClient.java:75)\n\tat com.kms.katalon.core.webservice.keyword.builtin.SendRequestKeyword$_sendRequest_closure1.doCall(SendRequestKeyword.groovy:42)\n\tat com.kms.katalon.core.webservice.keyword.builtin.SendRequestKeyword$_sendRequest_closure1.call(SendRequestKeyword.groovy)\n\tat com.kms.katalon.core.keyword.internal.KeywordMain.runKeyword(KeywordMain.groovy:68)\n\tat com.kms.katalon.core.webservice.keyword.builtin.SendRequestKeyword.sendRequest(SendRequestKeyword.groovy:38)\n\tat com.kms.katalon.core.webservice.keyword.builtin.SendRequestKeyword.execute(SendRequestKeyword.groovy:33)\n\tat com.kms.katalon.core.keyword.internal.KeywordExecutor.executeKeywordForPlatform(KeywordExecutor.groovy:72)\n\tat com.kms.katalon.core.webservice.keyword.WSBuiltInKeywords.sendRequest(WSBuiltInKeywords.groovy:40)\n\tat com.kms.katalon.core.webservice.keyword.WSBuiltInKeywords$sendRequest.call(Unknown Source)\n\tat ListOfAllKanban.run(ListOfAllKanban:18)\n\tat com.kms.katalon.core.main.ScriptEngine.run(ScriptEngine.java:194)\n\tat com.kms.katalon.core.main.ScriptEngine.runScriptAsRawText(ScriptEngine.java:119)\n\tat com.kms.katalon.core.main.TestCaseExecutor.runScript(TestCaseExecutor.java:337)\n\tat com.kms.katalon.core.main.TestCaseExecutor.doExecute(TestCaseExecutor.java:328)\n\tat com.kms.katalon.core.main.TestCaseExecutor.processExecutionPhase(TestCaseExecutor.java:307)\n\tat com.kms.katalon.core.main.TestCaseExecutor.accessMainPhase(TestCaseExecutor.java:299)\n\tat com.kms.katalon.core.main.TestCaseExecutor.execute(TestCaseExecutor.java:233)\n\tat com.kms.katalon.core.main.TestSuiteExecutor.accessTestCaseMainPhase(TestSuiteExecutor.java:169)\n\tat com.kms.katalon.core.main.TestSuiteExecutor.accessTestSuiteMainPhase(TestSuiteExecutor.java:142)\n\tat com.kms.katalon.core.main.TestSuiteExecutor.execute(TestSuiteExecutor.java:91)\n\tat com.kms.katalon.core.main.TestCaseMain.startTestSuite(TestCaseMain.java:157)\n\tat com.kms.katalon.core.main.TestCaseMain$startTestSuite$0.call(Unknown Source)\n\tat TempTestSuite1588857912722.run(TempTestSuite1588857912722.groovy:37)\n</property>
  <property name="failed.exception.class">java.net.ConnectException</property>
  <property name="failed.exception.message">Connexion refus\u00E9e (Connection refused)</property>
</record>
<record>
  <date>2020-05-07T14:25:17</date>
  <millis>1588857917549</millis>
  <sequence>20</sequence>
  <level>END</level>
  <class>com.kms.katalon.core.logging.XmlKeywordLogger</class>
  <method>endTest</method>
  <thread>1</thread>
  <message>End Test Case : Test Cases/KanbanApis/ListOfAllKanban</message>
  <nestedLevel>0</nestedLevel>
</record>
<record>
  <date>2020-05-07T14:25:17</date>
  <millis>1588857917550</millis>
  <sequence>21</sequence>
  <level>INFO</level>
  <class>com.kms.katalon.core.logging.XmlKeywordLogger</class>
  <method>logMessage</method>
  <thread>1</thread>
  <message>=================== Smart XPath Report =======================</message>
  <nestedLevel>0</nestedLevel>
</record>
<record>
  <date>2020-05-07T14:25:17</date>
  <millis>1588857917550</millis>
  <sequence>22</sequence>
  <level>INFO</level>
  <class>com.kms.katalon.core.logging.XmlKeywordLogger</class>
  <method>logMessage</method>
  <thread>1</thread>
  <message>Refer to the link below to preview and approve auto healing on broken test objects.</message>
  <nestedLevel>0</nestedLevel>
</record>
<record>
  <date>2020-05-07T14:25:17</date>
  <millis>1588857917550</millis>
  <sequence>23</sequence>
  <level>INFO</level>
  <class>com.kms.katalon.core.logging.XmlKeywordLogger</class>
  <method>logMessage</method>
  <thread>1</thread>
  <message>https://docs.katalon.com/katalon-studio/docs/auto-healing-smart-xpath.html</message>
  <nestedLevel>0</nestedLevel>
</record>
<record>
  <date>2020-05-07T14:25:17</date>
  <millis>1588857917550</millis>
  <sequence>24</sequence>
  <level>INFO</level>
  <class>com.kms.katalon.core.logging.XmlKeywordLogger</class>
  <method>logMessage</method>
  <thread>1</thread>
  <message>===============================================================</message>
  <nestedLevel>0</nestedLevel>
</record>
<record>
  <date>2020-05-07T14:25:17</date>
  <millis>1588857917733</millis>
  <sequence>25</sequence>
  <level>END</level>
  <class>com.kms.katalon.core.logging.XmlKeywordLogger</class>
  <method>endSuite</method>
  <thread>1</thread>
  <message>End Test Suite : Test Suites/CreationSuite</message>
  <nestedLevel>0</nestedLevel>
</record>
</log>
<?xml version="1.0" encoding="UTF-8" standalone="no"?>
<!DOCTYPE log SYSTEM "logger.dtd">
<log>
<record>
  <date>2020-05-07T14:44:03</date>
  <millis>1588859043386</millis>
  <sequence>67</sequence>
  <level>INFO</level>
  <class>com.kms.katalon.core.logging.XmlKeywordLogger</class>
  <method>logMessage</method>
  <thread>151</thread>
  <message>HAR: /tmp/har3086815873111924512/requests/ModalContext/0.har</message>
  <nestedLevel>0</nestedLevel>
  <property name="harId">6ad2df5a-c1e9-48dd-9c13-8cc6c6d49154</property>
</record>
<record>
  <date>2020-05-07T14:59:38</date>
  <millis>1588859978282</millis>
  <sequence>68</sequence>
  <level>INFO</level>
  <class>com.kms.katalon.core.logging.XmlKeywordLogger</class>
  <method>logMessage</method>
  <thread>168</thread>
  <message>HAR: /tmp/har8098537731803125800/requests/ModalContext/1.har</message>
  <nestedLevel>0</nestedLevel>
  <property name="harId">d41aab82-0d19-4cd0-ac25-fcc83eecfba6</property>
</record>
<record>
  <date>2020-05-07T14:59:45</date>
  <millis>1588859985299</millis>
  <sequence>69</sequence>
  <level>INFO</level>
  <class>com.kms.katalon.core.logging.XmlKeywordLogger</class>
  <method>logMessage</method>
  <thread>172</thread>
  <message>HAR: /tmp/har47751284360672670/requests/ModalContext/2.har</message>
  <nestedLevel>0</nestedLevel>
  <property name="harId">059b4c1c-bd34-4a99-8277-b57450c5fbcb</property>
</record>
<record>
  <date>2020-05-07T14:59:59</date>
  <millis>1588859999536</millis>
  <sequence>70</sequence>
  <level>INFO</level>
  <class>com.kms.katalon.core.logging.XmlKeywordLogger</class>
  <method>logMessage</method>
  <thread>179</thread>
  <message>HAR: /tmp/har7915460595633270132/requests/ModalContext/3.har</message>
  <nestedLevel>0</nestedLevel>
  <property name="harId">2d327d66-5554-4992-806f-6108eb42e511</property>
</record>
<record>
  <date>2020-05-07T15:00:34</date>
  <millis>1588860034460</millis>
  <sequence>78</sequence>
  <level>INFO</level>
  <class>com.kms.katalon.core.logging.XmlKeywordLogger</class>
  <method>logMessage</method>
  <thread>189</thread>
  <message>HAR: /tmp/har1871634050096926474/requests/ModalContext/4.har</message>
  <nestedLevel>0</nestedLevel>
  <property name="harId">0075c66c-f838-4261-bdf9-5410e7aaa03a</property>
</record>
